<?xml version="1.0" encoding="UTF-8"?>
<testng-results skipped="0" failed="0" ignored="0" total="1" passed="1">
  <reporter-output>
  </reporter-output>
  <suite name="Default suite" duration-ms="7898" started-at="2019-07-16T10:54:32Z" finished-at="2019-07-16T10:54:40Z">
    <groups>
    </groups>
    <test name="Default test" duration-ms="7898" started-at="2019-07-16T10:54:32Z" finished-at="2019-07-16T10:54:40Z">
      <class name="test.Login_test">
        <test-method status="PASS" signature="setUp()[pri:0, instance:test.Login_test@4520ebad]" name="setUp" is-config="true" duration-ms="5938" started-at="2019-07-16T16:24:32Z" finished-at="2019-07-16T16:24:38Z">
          <reporter-output>
          </reporter-output>
        </test-method> <!-- setUp -->
        <test-method status="PASS" signature="Logintest()[pri:0, instance:test.Login_test@4520ebad]" name="Logintest" duration-ms="137" started-at="2019-07-16T16:24:38Z" finished-at="2019-07-16T16:24:38Z">
          <reporter-output>
          </reporter-output>
        </test-method> <!-- Logintest -->
        <test-method status="PASS" signature="tearDown()[pri:0, instance:test.Login_test@4520ebad]" name="tearDown" is-config="true" duration-ms="1791" started-at="2019-07-16T16:24:38Z" finished-at="2019-07-16T16:24:40Z">
          <reporter-output>
          </reporter-output>
        </test-method> <!-- tearDown -->
      </class> <!-- test.Login_test -->
    </test> <!-- Default test -->
  </suite> <!-- Default suite -->
</testng-results>
